2026-05-24 12:47:12,013 - brain.ml_engine - ERROR - 🚨 Corrupción detectada en storage\model_outcome_BTCUSDT.pkl. Intentando restaurar backup...
2026-05-24 12:47:12,013 - brain.ml_engine - CRITICAL - Backup no disponible o corrupto para storage\model_outcome_BTCUSDT.pkl
2026-05-24 12:47:12,014 - brain.ml_engine - ERROR - 🚨 Corrupción detectada en storage\model_sl_BTCUSDT.pkl. Intentando restaurar backup...
2026-05-24 12:47:12,014 - brain.ml_engine - CRITICAL - Backup no disponible o corrupto para storage\model_sl_BTCUSDT.pkl
2026-05-24 12:47:18,108 - brain.ml_engine - ERROR - 🚨 Corrupción detectada en storage\model_outcome_ETHUSDT.pkl. Intentando restaurar backup...
2026-05-24 12:47:18,108 - brain.ml_engine - CRITICAL - Backup no disponible o corrupto para storage\model_outcome_ETHUSDT.pkl
2026-05-24 12:47:18,109 - brain.ml_engine - ERROR - 🚨 Corrupción detectada en storage\model_sl_ETHUSDT.pkl. Intentando restaurar backup...
2026-05-24 12:47:18,109 - brain.ml_engine - CRITICAL - Backup no disponible o corrupto para storage\model_sl_ETHUSDT.pkl
2026-05-24 12:47:18,627 - brain.ml_engine - ERROR - 🚨 Corrupción detectada en storage\model_outcome_BNBUSDT.pkl. Intentando restaurar backup...
2026-05-24 12:47:18,628 - brain.ml_engine - CRITICAL - Backup no disponible o corrupto para storage\model_outcome_BNBUSDT.pkl
2026-05-24 12:47:18,628 - brain.ml_engine - ERROR - 🚨 Corrupción detectada en storage\model_sl_BNBUSDT.pkl. Intentando restaurar backup...
2026-05-24 12:47:18,629 - brain.ml_engine - CRITICAL - Backup no disponible o corrupto para storage\model_sl_BNBUSDT.pkl
2026-05-24 12:55:37,752 - brain.ml_engine - ERROR - 🚨 Corrupción detectada en storage\model_outcome_BTCUSDT.pkl. Intentando restaurar backup...
2026-05-24 12:55:37,752 - brain.ml_engine - ERROR - 🚨 Corrupción detectada en storage\model_outcome_BTCUSDT.pkl. Intentando restaurar backup...
2026-05-24 12:55:37,752 - brain.ml_engine - CRITICAL - Backup no disponible o corrupto para storage\model_outcome_BTCUSDT.pkl
2026-05-24 12:55:37,752 - brain.ml_engine - CRITICAL - Backup no disponible o corrupto para storage\model_outcome_BTCUSDT.pkl
2026-05-24 12:55:37,753 - brain.ml_engine - ERROR - 🚨 Corrupción detectada en storage\model_sl_BTCUSDT.pkl. Intentando restaurar backup...
2026-05-24 12:55:37,753 - brain.ml_engine - ERROR - 🚨 Corrupción detectada en storage\model_sl_BTCUSDT.pkl. Intentando restaurar backup...
2026-05-24 12:55:37,753 - brain.ml_engine - CRITICAL - Backup no disponible o corrupto para storage\model_sl_BTCUSDT.pkl
2026-05-24 12:55:37,753 - brain.ml_engine - CRITICAL - Backup no disponible o corrupto para storage\model_sl_BTCUSDT.pkl
2026-05-24 12:55:37,758 - brain.ml_engine - ERROR - 🚨 Corrupción detectada en storage\model_outcome_ETHUSDT.pkl. Intentando restaurar backup...
2026-05-24 12:55:37,758 - brain.ml_engine - ERROR - 🚨 Corrupción detectada en storage\model_outcome_ETHUSDT.pkl. Intentando restaurar backup...
2026-05-24 12:55:37,759 - brain.ml_engine - CRITICAL - Backup no disponible o corrupto para storage\model_outcome_ETHUSDT.pkl
2026-05-24 12:55:37,759 - brain.ml_engine - CRITICAL - Backup no disponible o corrupto para storage\model_outcome_ETHUSDT.pkl
2026-05-24 12:55:37,759 - brain.ml_engine - ERROR - 🚨 Corrupción detectada en storage\model_sl_ETHUSDT.pkl. Intentando restaurar backup...
2026-05-24 12:55:37,759 - brain.ml_engine - ERROR - 🚨 Corrupción detectada en storage\model_sl_ETHUSDT.pkl. Intentando restaurar backup...
2026-05-24 12:55:37,759 - brain.ml_engine - CRITICAL - Backup no disponible o corrupto para storage\model_sl_ETHUSDT.pkl
2026-05-24 12:55:37,759 - brain.ml_engine - CRITICAL - Backup no disponible o corrupto para storage\model_sl_ETHUSDT.pkl
2026-05-24 12:55:37,765 - brain.ml_engine - ERROR - 🚨 Corrupción detectada en storage\model_outcome_BNBUSDT.pkl. Intentando restaurar backup...
2026-05-24 12:55:37,765 - brain.ml_engine - ERROR - 🚨 Corrupción detectada en storage\model_outcome_BNBUSDT.pkl. Intentando restaurar backup...
2026-05-24 12:55:37,765 - brain.ml_engine - CRITICAL - Backup no disponible o corrupto para storage\model_outcome_BNBUSDT.pkl
2026-05-24 12:55:37,765 - brain.ml_engine - CRITICAL - Backup no disponible o corrupto para storage\model_outcome_BNBUSDT.pkl
2026-05-24 12:55:37,766 - brain.ml_engine - ERROR - 🚨 Corrupción detectada en storage\model_sl_BNBUSDT.pkl. Intentando restaurar backup...
2026-05-24 12:55:37,766 - brain.ml_engine - ERROR - 🚨 Corrupción detectada en storage\model_sl_BNBUSDT.pkl. Intentando restaurar backup...
2026-05-24 12:55:37,766 - brain.ml_engine - CRITICAL - Backup no disponible o corrupto para storage\model_sl_BNBUSDT.pkl
2026-05-24 12:55:37,766 - brain.ml_engine - CRITICAL - Backup no disponible o corrupto para storage\model_sl_BNBUSDT.pkl
2026-05-24 13:16:09,103 - brain.ml_engine - ERROR - 🚨 Corrupción detectada en storage\model_outcome_BTCUSDT.pkl. Intentando restaurar backup...
2026-05-24 13:16:09,103 - brain.ml_engine - ERROR - 🚨 Corrupción detectada en storage\model_outcome_BTCUSDT.pkl. Intentando restaurar backup...
2026-05-24 13:16:09,104 - brain.ml_engine - CRITICAL - Backup no disponible o corrupto para storage\model_outcome_BTCUSDT.pkl
2026-05-24 13:16:09,104 - brain.ml_engine - CRITICAL - Backup no disponible o corrupto para storage\model_outcome_BTCUSDT.pkl
2026-05-24 13:16:09,104 - brain.ml_engine - ERROR - 🚨 Corrupción detectada en storage\model_sl_BTCUSDT.pkl. Intentando restaurar backup...
2026-05-24 13:16:09,104 - brain.ml_engine - ERROR - 🚨 Corrupción detectada en storage\model_sl_BTCUSDT.pkl. Intentando restaurar backup...
2026-05-24 13:16:09,105 - brain.ml_engine - CRITICAL - Backup no disponible o corrupto para storage\model_sl_BTCUSDT.pkl
2026-05-24 13:16:09,105 - brain.ml_engine - CRITICAL - Backup no disponible o corrupto para storage\model_sl_BTCUSDT.pkl
2026-05-24 13:16:09,110 - brain.ml_engine - ERROR - 🚨 Corrupción detectada en storage\model_outcome_ETHUSDT.pkl. Intentando restaurar backup...
2026-05-24 13:16:09,110 - brain.ml_engine - ERROR - 🚨 Corrupción detectada en storage\model_outcome_ETHUSDT.pkl. Intentando restaurar backup...
2026-05-24 13:16:09,111 - brain.ml_engine - CRITICAL - Backup no disponible o corrupto para storage\model_outcome_ETHUSDT.pkl
2026-05-24 13:16:09,111 - brain.ml_engine - CRITICAL - Backup no disponible o corrupto para storage\model_outcome_ETHUSDT.pkl
2026-05-24 13:16:09,111 - brain.ml_engine - ERROR - 🚨 Corrupción detectada en storage\model_sl_ETHUSDT.pkl. Intentando restaurar backup...
2026-05-24 13:16:09,111 - brain.ml_engine - ERROR - 🚨 Corrupción detectada en storage\model_sl_ETHUSDT.pkl. Intentando restaurar backup...
2026-05-24 13:16:09,111 - brain.ml_engine - CRITICAL - Backup no disponible o corrupto para storage\model_sl_ETHUSDT.pkl
2026-05-24 13:16:09,111 - brain.ml_engine - CRITICAL - Backup no disponible o corrupto para storage\model_sl_ETHUSDT.pkl
2026-05-24 13:16:09,117 - brain.ml_engine - ERROR - 🚨 Corrupción detectada en storage\model_outcome_BNBUSDT.pkl. Intentando restaurar backup...
2026-05-24 13:16:09,117 - brain.ml_engine - ERROR - 🚨 Corrupción detectada en storage\model_outcome_BNBUSDT.pkl. Intentando restaurar backup...
2026-05-24 13:16:09,117 - brain.ml_engine - CRITICAL - Backup no disponible o corrupto para storage\model_outcome_BNBUSDT.pkl
2026-05-24 13:16:09,117 - brain.ml_engine - CRITICAL - Backup no disponible o corrupto para storage\model_outcome_BNBUSDT.pkl
2026-05-24 13:16:09,118 - brain.ml_engine - ERROR - 🚨 Corrupción detectada en storage\model_sl_BNBUSDT.pkl. Intentando restaurar backup...
2026-05-24 13:16:09,118 - brain.ml_engine - ERROR - 🚨 Corrupción detectada en storage\model_sl_BNBUSDT.pkl. Intentando restaurar backup...
2026-05-24 13:16:09,118 - brain.ml_engine - CRITICAL - Backup no disponible o corrupto para storage\model_sl_BNBUSDT.pkl
2026-05-24 13:16:09,118 - brain.ml_engine - CRITICAL - Backup no disponible o corrupto para storage\model_sl_BNBUSDT.pkl
2026-05-24 13:16:14,936 - brain.ml_engine - ERROR - 🚨 Corrupción detectada en storage\model_outcome_BTCUSDT.pkl. Intentando restaurar backup...
2026-05-24 13:16:14,936 - brain.ml_engine - ERROR - 🚨 Corrupción detectada en storage\model_outcome_BTCUSDT.pkl. Intentando restaurar backup...
2026-05-24 13:16:14,936 - brain.ml_engine - CRITICAL - Backup no disponible o corrupto para storage\model_outcome_BTCUSDT.pkl
2026-05-24 13:16:14,936 - brain.ml_engine - CRITICAL - Backup no disponible o corrupto para storage\model_outcome_BTCUSDT.pkl
2026-05-24 13:16:14,937 - brain.ml_engine - ERROR - 🚨 Corrupción detectada en storage\model_sl_BTCUSDT.pkl. Intentando restaurar backup...
2026-05-24 13:16:14,937 - brain.ml_engine - ERROR - 🚨 Corrupción detectada en storage\model_sl_BTCUSDT.pkl. Intentando restaurar backup...
2026-05-24 13:16:14,937 - brain.ml_engine - CRITICAL - Backup no disponible o corrupto para storage\model_sl_BTCUSDT.pkl
2026-05-24 13:16:14,937 - brain.ml_engine - CRITICAL - Backup no disponible o corrupto para storage\model_sl_BTCUSDT.pkl
2026-05-24 13:16:14,942 - brain.ml_engine - ERROR - 🚨 Corrupción detectada en storage\model_outcome_ETHUSDT.pkl. Intentando restaurar backup...
2026-05-24 13:16:14,942 - brain.ml_engine - ERROR - 🚨 Corrupción detectada en storage\model_outcome_ETHUSDT.pkl. Intentando restaurar backup...
2026-05-24 13:16:14,942 - brain.ml_engine - CRITICAL - Backup no disponible o corrupto para storage\model_outcome_ETHUSDT.pkl
2026-05-24 13:16:14,942 - brain.ml_engine - CRITICAL - Backup no disponible o corrupto para storage\model_outcome_ETHUSDT.pkl
2026-05-24 13:16:14,942 - brain.ml_engine - ERROR - 🚨 Corrupción detectada en storage\model_sl_ETHUSDT.pkl. Intentando restaurar backup...
2026-05-24 13:16:14,942 - brain.ml_engine - ERROR - 🚨 Corrupción detectada en storage\model_sl_ETHUSDT.pkl. Intentando restaurar backup...
2026-05-24 13:16:14,943 - brain.ml_engine - CRITICAL - Backup no disponible o corrupto para storage\model_sl_ETHUSDT.pkl
2026-05-24 13:16:14,943 - brain.ml_engine - CRITICAL - Backup no disponible o corrupto para storage\model_sl_ETHUSDT.pkl
2026-05-24 13:16:14,948 - brain.ml_engine - ERROR - 🚨 Corrupción detectada en storage\model_outcome_BNBUSDT.pkl. Intentando restaurar backup...
2026-05-24 13:16:14,948 - brain.ml_engine - ERROR - 🚨 Corrupción detectada en storage\model_outcome_BNBUSDT.pkl. Intentando restaurar backup...
2026-05-24 13:16:14,948 - brain.ml_engine - CRITICAL - Backup no disponible o corrupto para storage\model_outcome_BNBUSDT.pkl
2026-05-24 13:16:14,948 - brain.ml_engine - CRITICAL - Backup no disponible o corrupto para storage\model_outcome_BNBUSDT.pkl
2026-05-24 13:16:14,949 - brain.ml_engine - ERROR - 🚨 Corrupción detectada en storage\model_sl_BNBUSDT.pkl. Intentando restaurar backup...
2026-05-24 13:16:14,949 - brain.ml_engine - ERROR - 🚨 Corrupción detectada en storage\model_sl_BNBUSDT.pkl. Intentando restaurar backup...
2026-05-24 13:16:14,949 - brain.ml_engine - CRITICAL - Backup no disponible o corrupto para storage\model_sl_BNBUSDT.pkl
2026-05-24 13:16:14,949 - brain.ml_engine - CRITICAL - Backup no disponible o corrupto para storage\model_sl_BNBUSDT.pkl
2026-05-24 13:16:38,159 - brain.ml_engine - ERROR - 🚨 Corrupción detectada en storage\model_outcome_BTCUSDT.pkl. Intentando restaurar backup...
2026-05-24 13:16:38,159 - brain.ml_engine - ERROR - 🚨 Corrupción detectada en storage\model_outcome_BTCUSDT.pkl. Intentando restaurar backup...
2026-05-24 13:16:38,159 - brain.ml_engine - CRITICAL - Backup no disponible o corrupto para storage\model_outcome_BTCUSDT.pkl
2026-05-24 13:16:38,159 - brain.ml_engine - CRITICAL - Backup no disponible o corrupto para storage\model_outcome_BTCUSDT.pkl
2026-05-24 13:16:38,160 - brain.ml_engine - ERROR - 🚨 Corrupción detectada en storage\model_sl_BTCUSDT.pkl. Intentando restaurar backup...
2026-05-24 13:16:38,160 - brain.ml_engine - ERROR - 🚨 Corrupción detectada en storage\model_sl_BTCUSDT.pkl. Intentando restaurar backup...
2026-05-24 13:16:38,160 - brain.ml_engine - CRITICAL - Backup no disponible o corrupto para storage\model_sl_BTCUSDT.pkl
2026-05-24 13:16:38,160 - brain.ml_engine - CRITICAL - Backup no disponible o corrupto para storage\model_sl_BTCUSDT.pkl
2026-05-24 13:16:38,194 - brain.ml_engine - ERROR - 🚨 Corrupción detectada en storage\model_outcome_BNBUSDT.pkl. Intentando restaurar backup...
2026-05-24 13:16:38,194 - brain.ml_engine - ERROR - 🚨 Corrupción detectada en storage\model_outcome_BNBUSDT.pkl. Intentando restaurar backup...
2026-05-24 13:16:38,194 - brain.ml_engine - CRITICAL - Backup no disponible o corrupto para storage\model_outcome_BNBUSDT.pkl
2026-05-24 13:16:38,194 - brain.ml_engine - CRITICAL - Backup no disponible o corrupto para storage\model_outcome_BNBUSDT.pkl
2026-05-24 13:16:38,195 - brain.ml_engine - ERROR - 🚨 Corrupción detectada en storage\model_sl_BNBUSDT.pkl. Intentando restaurar backup...
2026-05-24 13:16:38,195 - brain.ml_engine - ERROR - 🚨 Corrupción detectada en storage\model_sl_BNBUSDT.pkl. Intentando restaurar backup...
2026-05-24 13:16:38,195 - brain.ml_engine - CRITICAL - Backup no disponible o corrupto para storage\model_sl_BNBUSDT.pkl
2026-05-24 13:16:38,195 - brain.ml_engine - CRITICAL - Backup no disponible o corrupto para storage\model_sl_BNBUSDT.pkl
